<?xml version="1.0" encoding="UTF-8"?>
<testng-results skipped="0" failed="0" total="3" passed="3">
  <reporter-output>
  </reporter-output>
  <suite name="Default suite" duration-ms="46689" started-at="2016-10-16T19:03:24Z" finished-at="2016-10-16T19:04:11Z">
    <groups>
    </groups>
    <test name="Default test" duration-ms="46689" started-at="2016-10-16T19:03:24Z" finished-at="2016-10-16T19:04:11Z">
      <class name="DataDriven.data">
        <test-method status="PASS" signature="data(java.lang.String, java.lang.String)[pri:0, instance:DataDriven.data@457e2f02]" name="data" duration-ms="14528" started-at="2016-10-17T00:33:24Z" data-provider="passData" finished-at="2016-10-17T00:33:39Z">
          <params>
            <param index="0">
              <value>
                <![CDATA[admin1]]>
              </value>
            </param>
            <param index="1">
              <value>
                <![CDATA[password]]>
              </value>
            </param>
          </params>
          <reporter-output>
          </reporter-output>
        </test-method> <!-- data -->
        <test-method status="PASS" signature="data(java.lang.String, java.lang.String)[pri:0, instance:DataDriven.data@457e2f02]" name="data" duration-ms="15735" started-at="2016-10-17T00:33:39Z" data-provider="passData" finished-at="2016-10-17T00:33:55Z">
          <params>
            <param index="0">
              <value>
                <![CDATA[admin2]]>
              </value>
            </param>
            <param index="1">
              <value>
                <![CDATA[password]]>
              </value>
            </param>
          </params>
          <reporter-output>
          </reporter-output>
        </test-method> <!-- data -->
        <test-method status="PASS" signature="data(java.lang.String, java.lang.String)[pri:0, instance:DataDriven.data@457e2f02]" name="data" duration-ms="16390" started-at="2016-10-17T00:33:55Z" data-provider="passData" finished-at="2016-10-17T00:34:11Z">
          <params>
            <param index="0">
              <value>
                <![CDATA[admin3]]>
              </value>
            </param>
            <param index="1">
              <value>
                <![CDATA[password]]>
              </value>
            </param>
          </params>
          <reporter-output>
          </reporter-output>
        </test-method> <!-- data -->
      </class> <!-- DataDriven.data -->
    </test> <!-- Default test -->
  </suite> <!-- Default suite -->
</testng-results>
